<?xml version="1.0" encoding="UTF-8"?>
<!-- Generated by org.testng.reporters.JUnitReportReporter -->
<testsuite hostname="DESKTOP-LVNNG7C" failures="0" tests="1" name="com.qa.tn.part1_SearchProduct_Test.SearchProductTest" time="5.581" errors="0" timestamp="2024-01-11T19:57:31 EST" skipped="0">
  <testcase classname="com.qa.tn.part1_SearchProduct_Test.SearchProductTest" name="verifySearchWithValidProduct" time="5.581"/>
</testsuite> <!-- com.qa.tn.part1_SearchProduct_Test.SearchProductTest -->
